[GIN-debug] GET    /runtime/*filepath        --> github.com/gin-gonic/gin.(*RouterGroup).createStaticHandler.func1 (4 handlers)
[GIN-debug] HEAD   /runtime/*filepath        --> github.com/gin-gonic/gin.(*RouterGroup).createStaticHandler.func1 (4 handlers)
[GIN-debug] POST   /user/login               --> github.com/lawtech0902/go_gin_blog/backend/routers/api/v1.Login (4 handlers)
[GIN-debug] POST   /user/logout              --> github.com/lawtech0902/go_gin_blog/backend/routers/api/v1.Logout (4 handlers)
[GIN-debug] GET    /user/info                --> github.com/lawtech0902/go_gin_blog/backend/routers/api/v1.GetUserInfo (4 handlers)
[GIN-debug] GET    /user/about               --> github.com/lawtech0902/go_gin_blog/backend/routers/api/v1.GetUserAbout (4 handlers)
[GIN-debug] GET    /tags                     --> github.com/lawtech0902/go_gin_blog/backend/routers/api/v1.GetAllTags (4 handlers)
[GIN-debug] GET    /categories               --> github.com/lawtech0902/go_gin_blog/backend/routers/api/v1.GetAllCategories (4 handlers)
[GIN-debug] GET    /articles                 --> github.com/lawtech0902/go_gin_blog/backend/routers/api/v1.GetArticles (4 handlers)
[GIN-debug] GET    /articles/:id             --> github.com/lawtech0902/go_gin_blog/backend/routers/api/v1.GetArticle (4 handlers)
[GIN-debug] GET    /soup/random              --> github.com/lawtech0902/go_gin_blog/backend/routers/api/v1.GetRandSoup (4 handlers)
[GIN-debug] GET    /comments/:id             --> github.com/lawtech0902/go_gin_blog/backend/routers/api/v1.GetArticleComments (4 handlers)
[GIN-debug] POST   /comments                 --> github.com/lawtech0902/go_gin_blog/backend/routers/api/v1.CreateComment (4 handlers)
[GIN-debug] PATCH  /user/edit                --> github.com/lawtech0902/go_gin_blog/backend/routers/api/v1.EditUser (5 handlers)
[GIN-debug] POST   /tags                     --> github.com/lawtech0902/go_gin_blog/backend/routers/api/v1.CreateTag (5 handlers)
[GIN-debug] PUT    /tags/:id                 --> github.com/lawtech0902/go_gin_blog/backend/routers/api/v1.EditTag (5 handlers)
[GIN-debug] DELETE /tags/:id                 --> github.com/lawtech0902/go_gin_blog/backend/routers/api/v1.DeleteTag (5 handlers)
[GIN-debug] POST   /categories               --> github.com/lawtech0902/go_gin_blog/backend/routers/api/v1.CreateCategory (5 handlers)
[GIN-debug] PUT    /categories/:id           --> github.com/lawtech0902/go_gin_blog/backend/routers/api/v1.EditCategory (5 handlers)
[GIN-debug] DELETE /categories/:id           --> github.com/lawtech0902/go_gin_blog/backend/routers/api/v1.DeleteCategory (5 handlers)
[GIN-debug] POST   /articles                 --> github.com/lawtech0902/go_gin_blog/backend/routers/api/v1.CreateArticle (5 handlers)
[GIN-debug] DELETE /articles/:id             --> github.com/lawtech0902/go_gin_blog/backend/routers/api/v1.DeleteArticle (5 handlers)
[GIN-debug] PUT    /articles/:id             --> github.com/lawtech0902/go_gin_blog/backend/routers/api/v1.EditArticle (5 handlers)
[GIN-debug] POST   /soups                    --> github.com/lawtech0902/go_gin_blog/backend/routers/api/v1.CreateSoup (5 handlers)
[GIN-debug] DELETE /soups/:id                --> github.com/lawtech0902/go_gin_blog/backend/routers/api/v1.DeleteSoup (5 handlers)
[GIN-debug] PUT    /soups/:id                --> github.com/lawtech0902/go_gin_blog/backend/routers/api/v1.EditSoup (5 handlers)
[GIN-debug] GET    /soups                    --> github.com/lawtech0902/go_gin_blog/backend/routers/api/v1.GetAllSoups (5 handlers)
[GIN-debug] GET    /comments                 --> github.com/lawtech0902/go_gin_blog/backend/routers/api/v1.GetAllComments (5 handlers)
[GIN-debug] DELETE /comments/:id             --> github.com/lawtech0902/go_gin_blog/backend/routers/api/v1.DeleteComment (5 handlers)
[GIN-debug] POST   /upload                   --> github.com/lawtech0902/go_gin_blog/backend/routers/api/v1.UploadImageAvatar (5 handlers)
[ERROR] - 127.0.0.1 - [2020-01-03 15:10:13] "POST /api/v1/user/login HTTP/1.1 404 107.477µs "Mozilla/5.0 (Macintosh; Intel Mac OS X 10_14_6) AppleWebKit/537.36 (KHTML, like Gecko) Chrome/78.0.3904.108 Safari/537.36" "
[ERROR] - 127.0.0.1 - [2020-01-03 15:10:36] "GET /api/v1/articles?page=1&limit=5 HTTP/1.1 404 81.958µs "Mozilla/5.0 (Macintosh; Intel Mac OS X 10_14_6) AppleWebKit/537.36 (KHTML, like Gecko) Chrome/78.0.3904.108 Safari/537.36" "
[ERROR] - 127.0.0.1 - [2020-01-03 15:10:36] "GET /api/v1/soup/random HTTP/1.1 404 95.055µs "Mozilla/5.0 (Macintosh; Intel Mac OS X 10_14_6) AppleWebKit/537.36 (KHTML, like Gecko) Chrome/78.0.3904.108 Safari/537.36" "
[ERROR] - 127.0.0.1 - [2020-01-03 15:10:40] "GET /api/v1/categories HTTP/1.1 404 86.403µs "Mozilla/5.0 (Macintosh; Intel Mac OS X 10_14_6) AppleWebKit/537.36 (KHTML, like Gecko) Chrome/78.0.3904.108 Safari/537.36" "
[ERROR] - 127.0.0.1 - [2020-01-03 15:10:41] "GET /api/v1/tags HTTP/1.1 404 60.317µs "Mozilla/5.0 (Macintosh; Intel Mac OS X 10_14_6) AppleWebKit/537.36 (KHTML, like Gecko) Chrome/78.0.3904.108 Safari/537.36" "
[ERROR] - 127.0.0.1 - [2020-01-03 15:10:42] "GET /api/v1/user/about HTTP/1.1 404 53.9µs "Mozilla/5.0 (Macintosh; Intel Mac OS X 10_14_6) AppleWebKit/537.36 (KHTML, like Gecko) Chrome/78.0.3904.108 Safari/537.36" "
[GIN-debug] GET    /runtime/*filepath        --> github.com/gin-gonic/gin.(*RouterGroup).createStaticHandler.func1 (4 handlers)
[GIN-debug] HEAD   /runtime/*filepath        --> github.com/gin-gonic/gin.(*RouterGroup).createStaticHandler.func1 (4 handlers)
[GIN-debug] POST   /user/login               --> github.com/lawtech0902/go_gin_blog/backend/routers/api/v1.Login (4 handlers)
[GIN-debug] POST   /user/logout              --> github.com/lawtech0902/go_gin_blog/backend/routers/api/v1.Logout (4 handlers)
[GIN-debug] GET    /user/info                --> github.com/lawtech0902/go_gin_blog/backend/routers/api/v1.GetUserInfo (4 handlers)
[GIN-debug] GET    /user/about               --> github.com/lawtech0902/go_gin_blog/backend/routers/api/v1.GetUserAbout (4 handlers)
[GIN-debug] GET    /tags                     --> github.com/lawtech0902/go_gin_blog/backend/routers/api/v1.GetAllTags (4 handlers)
[GIN-debug] GET    /categories               --> github.com/lawtech0902/go_gin_blog/backend/routers/api/v1.GetAllCategories (4 handlers)
[GIN-debug] GET    /articles                 --> github.com/lawtech0902/go_gin_blog/backend/routers/api/v1.GetArticles (4 handlers)
[GIN-debug] GET    /articles/:id             --> github.com/lawtech0902/go_gin_blog/backend/routers/api/v1.GetArticle (4 handlers)
[GIN-debug] GET    /soup/random              --> github.com/lawtech0902/go_gin_blog/backend/routers/api/v1.GetRandSoup (4 handlers)
[GIN-debug] GET    /comments/:id             --> github.com/lawtech0902/go_gin_blog/backend/routers/api/v1.GetArticleComments (4 handlers)
[GIN-debug] POST   /comments                 --> github.com/lawtech0902/go_gin_blog/backend/routers/api/v1.CreateComment (4 handlers)
[GIN-debug] PATCH  /user/edit                --> github.com/lawtech0902/go_gin_blog/backend/routers/api/v1.EditUser (5 handlers)
[GIN-debug] POST   /tags                     --> github.com/lawtech0902/go_gin_blog/backend/routers/api/v1.CreateTag (5 handlers)
[GIN-debug] PUT    /tags/:id                 --> github.com/lawtech0902/go_gin_blog/backend/routers/api/v1.EditTag (5 handlers)
[GIN-debug] DELETE /tags/:id                 --> github.com/lawtech0902/go_gin_blog/backend/routers/api/v1.DeleteTag (5 handlers)
[GIN-debug] POST   /categories               --> github.com/lawtech0902/go_gin_blog/backend/routers/api/v1.CreateCategory (5 handlers)
[GIN-debug] PUT    /categories/:id           --> github.com/lawtech0902/go_gin_blog/backend/routers/api/v1.EditCategory (5 handlers)
[GIN-debug] DELETE /categories/:id           --> github.com/lawtech0902/go_gin_blog/backend/routers/api/v1.DeleteCategory (5 handlers)
[GIN-debug] POST   /articles                 --> github.com/lawtech0902/go_gin_blog/backend/routers/api/v1.CreateArticle (5 handlers)
[GIN-debug] DELETE /articles/:id             --> github.com/lawtech0902/go_gin_blog/backend/routers/api/v1.DeleteArticle (5 handlers)
[GIN-debug] PUT    /articles/:id             --> github.com/lawtech0902/go_gin_blog/backend/routers/api/v1.EditArticle (5 handlers)
[GIN-debug] POST   /soups                    --> github.com/lawtech0902/go_gin_blog/backend/routers/api/v1.CreateSoup (5 handlers)
[GIN-debug] DELETE /soups/:id                --> github.com/lawtech0902/go_gin_blog/backend/routers/api/v1.DeleteSoup (5 handlers)
[GIN-debug] PUT    /soups/:id                --> github.com/lawtech0902/go_gin_blog/backend/routers/api/v1.EditSoup (5 handlers)
[GIN-debug] GET    /soups                    --> github.com/lawtech0902/go_gin_blog/backend/routers/api/v1.GetAllSoups (5 handlers)
[GIN-debug] GET    /comments                 --> github.com/lawtech0902/go_gin_blog/backend/routers/api/v1.GetAllComments (5 handlers)
[GIN-debug] DELETE /comments/:id             --> github.com/lawtech0902/go_gin_blog/backend/routers/api/v1.DeleteComment (5 handlers)
[GIN-debug] POST   /upload                   --> github.com/lawtech0902/go_gin_blog/backend/routers/api/v1.UploadImageAvatar (5 handlers)
[ERROR] - 127.0.0.1 - [2020-01-03 15:13:45] "GET /api/v1/user/about HTTP/1.1 404 29.782µs "Mozilla/5.0 (Macintosh; Intel Mac OS X 10_14_6) AppleWebKit/537.36 (KHTML, like Gecko) Chrome/78.0.3904.108 Safari/537.36" "
[ERROR] - 127.0.0.1 - [2020-01-03 15:13:45] "GET /api/v1/soup/random HTTP/1.1 404 89.028µs "Mozilla/5.0 (Macintosh; Intel Mac OS X 10_14_6) AppleWebKit/537.36 (KHTML, like Gecko) Chrome/78.0.3904.108 Safari/537.36" "
[ERROR] - 127.0.0.1 - [2020-01-03 15:25:55] "GET /api/v1/user/about HTTP/1.1 404 52.369µs "Mozilla/5.0 (Macintosh; Intel Mac OS X 10_14_6) AppleWebKit/537.36 (KHTML, like Gecko) Chrome/78.0.3904.108 Safari/537.36" "
[ERROR] - 127.0.0.1 - [2020-01-03 15:25:55] "GET /api/v1/soup/random HTTP/1.1 404 33.544µs "Mozilla/5.0 (Macintosh; Intel Mac OS X 10_14_6) AppleWebKit/537.36 (KHTML, like Gecko) Chrome/78.0.3904.108 Safari/537.36" "
[GIN-debug] GET    /runtime/*filepath        --> github.com/gin-gonic/gin.(*RouterGroup).createStaticHandler.func1 (4 handlers)
[GIN-debug] HEAD   /runtime/*filepath        --> github.com/gin-gonic/gin.(*RouterGroup).createStaticHandler.func1 (4 handlers)
[GIN-debug] POST   /user/login               --> github.com/lawtech0902/go_gin_blog/backend/routers/api/v1.Login (4 handlers)
[GIN-debug] POST   /user/logout              --> github.com/lawtech0902/go_gin_blog/backend/routers/api/v1.Logout (4 handlers)
[GIN-debug] GET    /user/info                --> github.com/lawtech0902/go_gin_blog/backend/routers/api/v1.GetUserInfo (4 handlers)
[GIN-debug] GET    /user/about               --> github.com/lawtech0902/go_gin_blog/backend/routers/api/v1.GetUserAbout (4 handlers)
[GIN-debug] GET    /tags                     --> github.com/lawtech0902/go_gin_blog/backend/routers/api/v1.GetAllTags (4 handlers)
[GIN-debug] GET    /categories               --> github.com/lawtech0902/go_gin_blog/backend/routers/api/v1.GetAllCategories (4 handlers)
[GIN-debug] GET    /articles                 --> github.com/lawtech0902/go_gin_blog/backend/routers/api/v1.GetArticles (4 handlers)
[GIN-debug] GET    /articles/:id             --> github.com/lawtech0902/go_gin_blog/backend/routers/api/v1.GetArticle (4 handlers)
[GIN-debug] GET    /soup/random              --> github.com/lawtech0902/go_gin_blog/backend/routers/api/v1.GetRandSoup (4 handlers)
[GIN-debug] GET    /comments/:id             --> github.com/lawtech0902/go_gin_blog/backend/routers/api/v1.GetArticleComments (4 handlers)
[GIN-debug] POST   /comments                 --> github.com/lawtech0902/go_gin_blog/backend/routers/api/v1.CreateComment (4 handlers)
[GIN-debug] PATCH  /user/edit                --> github.com/lawtech0902/go_gin_blog/backend/routers/api/v1.EditUser (5 handlers)
[GIN-debug] POST   /tags                     --> github.com/lawtech0902/go_gin_blog/backend/routers/api/v1.CreateTag (5 handlers)
[GIN-debug] PUT    /tags/:id                 --> github.com/lawtech0902/go_gin_blog/backend/routers/api/v1.EditTag (5 handlers)
[GIN-debug] DELETE /tags/:id                 --> github.com/lawtech0902/go_gin_blog/backend/routers/api/v1.DeleteTag (5 handlers)
[GIN-debug] POST   /categories               --> github.com/lawtech0902/go_gin_blog/backend/routers/api/v1.CreateCategory (5 handlers)
[GIN-debug] PUT    /categories/:id           --> github.com/lawtech0902/go_gin_blog/backend/routers/api/v1.EditCategory (5 handlers)
[GIN-debug] DELETE /categories/:id           --> github.com/lawtech0902/go_gin_blog/backend/routers/api/v1.DeleteCategory (5 handlers)
[GIN-debug] POST   /articles                 --> github.com/lawtech0902/go_gin_blog/backend/routers/api/v1.CreateArticle (5 handlers)
[GIN-debug] DELETE /articles/:id             --> github.com/lawtech0902/go_gin_blog/backend/routers/api/v1.DeleteArticle (5 handlers)
[GIN-debug] PUT    /articles/:id             --> github.com/lawtech0902/go_gin_blog/backend/routers/api/v1.EditArticle (5 handlers)
[GIN-debug] POST   /soups                    --> github.com/lawtech0902/go_gin_blog/backend/routers/api/v1.CreateSoup (5 handlers)
[GIN-debug] DELETE /soups/:id                --> github.com/lawtech0902/go_gin_blog/backend/routers/api/v1.DeleteSoup (5 handlers)
[GIN-debug] PUT    /soups/:id                --> github.com/lawtech0902/go_gin_blog/backend/routers/api/v1.EditSoup (5 handlers)
[GIN-debug] GET    /soups                    --> github.com/lawtech0902/go_gin_blog/backend/routers/api/v1.GetAllSoups (5 handlers)
[GIN-debug] GET    /comments                 --> github.com/lawtech0902/go_gin_blog/backend/routers/api/v1.GetAllComments (5 handlers)
[GIN-debug] DELETE /comments/:id             --> github.com/lawtech0902/go_gin_blog/backend/routers/api/v1.DeleteComment (5 handlers)
[GIN-debug] POST   /upload                   --> github.com/lawtech0902/go_gin_blog/backend/routers/api/v1.UploadImageAvatar (5 handlers)
[GIN-debug] GET    /runtime/*filepath        --> github.com/gin-gonic/gin.(*RouterGroup).createStaticHandler.func1 (4 handlers)
[GIN-debug] HEAD   /runtime/*filepath        --> github.com/gin-gonic/gin.(*RouterGroup).createStaticHandler.func1 (4 handlers)
[GIN-debug] POST   /user/login               --> github.com/lawtech0902/go_gin_blog/backend/routers/api/v1.Login (4 handlers)
[GIN-debug] POST   /user/logout              --> github.com/lawtech0902/go_gin_blog/backend/routers/api/v1.Logout (4 handlers)
[GIN-debug] GET    /user/info                --> github.com/lawtech0902/go_gin_blog/backend/routers/api/v1.GetUserInfo (4 handlers)
[GIN-debug] GET    /user/about               --> github.com/lawtech0902/go_gin_blog/backend/routers/api/v1.GetUserAbout (4 handlers)
[GIN-debug] GET    /tags                     --> github.com/lawtech0902/go_gin_blog/backend/routers/api/v1.GetAllTags (4 handlers)
[GIN-debug] GET    /categories               --> github.com/lawtech0902/go_gin_blog/backend/routers/api/v1.GetAllCategories (4 handlers)
[GIN-debug] GET    /articles                 --> github.com/lawtech0902/go_gin_blog/backend/routers/api/v1.GetArticles (4 handlers)
[GIN-debug] GET    /articles/:id             --> github.com/lawtech0902/go_gin_blog/backend/routers/api/v1.GetArticle (4 handlers)
[GIN-debug] GET    /soup/random              --> github.com/lawtech0902/go_gin_blog/backend/routers/api/v1.GetRandSoup (4 handlers)
[GIN-debug] GET    /comments/:id             --> github.com/lawtech0902/go_gin_blog/backend/routers/api/v1.GetArticleComments (4 handlers)
[GIN-debug] POST   /comments                 --> github.com/lawtech0902/go_gin_blog/backend/routers/api/v1.CreateComment (4 handlers)
[GIN-debug] PATCH  /user/edit                --> github.com/lawtech0902/go_gin_blog/backend/routers/api/v1.EditUser (5 handlers)
[GIN-debug] POST   /tags                     --> github.com/lawtech0902/go_gin_blog/backend/routers/api/v1.CreateTag (5 handlers)
[GIN-debug] PUT    /tags/:id                 --> github.com/lawtech0902/go_gin_blog/backend/routers/api/v1.EditTag (5 handlers)
[GIN-debug] DELETE /tags/:id                 --> github.com/lawtech0902/go_gin_blog/backend/routers/api/v1.DeleteTag (5 handlers)
[GIN-debug] POST   /categories               --> github.com/lawtech0902/go_gin_blog/backend/routers/api/v1.CreateCategory (5 handlers)
[GIN-debug] PUT    /categories/:id           --> github.com/lawtech0902/go_gin_blog/backend/routers/api/v1.EditCategory (5 handlers)
[GIN-debug] DELETE /categories/:id           --> github.com/lawtech0902/go_gin_blog/backend/routers/api/v1.DeleteCategory (5 handlers)
[GIN-debug] POST   /articles                 --> github.com/lawtech0902/go_gin_blog/backend/routers/api/v1.CreateArticle (5 handlers)
[GIN-debug] DELETE /articles/:id             --> github.com/lawtech0902/go_gin_blog/backend/routers/api/v1.DeleteArticle (5 handlers)
[GIN-debug] PUT    /articles/:id             --> github.com/lawtech0902/go_gin_blog/backend/routers/api/v1.EditArticle (5 handlers)
[GIN-debug] POST   /soups                    --> github.com/lawtech0902/go_gin_blog/backend/routers/api/v1.CreateSoup (5 handlers)
[GIN-debug] DELETE /soups/:id                --> github.com/lawtech0902/go_gin_blog/backend/routers/api/v1.DeleteSoup (5 handlers)
[GIN-debug] PUT    /soups/:id                --> github.com/lawtech0902/go_gin_blog/backend/routers/api/v1.EditSoup (5 handlers)
[GIN-debug] GET    /soups                    --> github.com/lawtech0902/go_gin_blog/backend/routers/api/v1.GetAllSoups (5 handlers)
[GIN-debug] GET    /comments                 --> github.com/lawtech0902/go_gin_blog/backend/routers/api/v1.GetAllComments (5 handlers)
[GIN-debug] DELETE /comments/:id             --> github.com/lawtech0902/go_gin_blog/backend/routers/api/v1.DeleteComment (5 handlers)
[GIN-debug] POST   /upload                   --> github.com/lawtech0902/go_gin_blog/backend/routers/api/v1.UploadImageAvatar (5 handlers)
[GIN-debug] GET    /api/v1/runtime/*filepath --> github.com/gin-gonic/gin.(*RouterGroup).createStaticHandler.func1 (4 handlers)
[GIN-debug] HEAD   /api/v1/runtime/*filepath --> github.com/gin-gonic/gin.(*RouterGroup).createStaticHandler.func1 (4 handlers)
[GIN-debug] POST   /api/v1/user/login        --> github.com/lawtech0902/go_gin_blog/backend/routers/api/v1.Login (4 handlers)
[GIN-debug] POST   /api/v1/user/logout       --> github.com/lawtech0902/go_gin_blog/backend/routers/api/v1.Logout (4 handlers)
[GIN-debug] GET    /api/v1/user/info         --> github.com/lawtech0902/go_gin_blog/backend/routers/api/v1.GetUserInfo (4 handlers)
[GIN-debug] GET    /api/v1/user/about        --> github.com/lawtech0902/go_gin_blog/backend/routers/api/v1.GetUserAbout (4 handlers)
[GIN-debug] GET    /api/v1/tags              --> github.com/lawtech0902/go_gin_blog/backend/routers/api/v1.GetAllTags (4 handlers)
[GIN-debug] GET    /api/v1/categories        --> github.com/lawtech0902/go_gin_blog/backend/routers/api/v1.GetAllCategories (4 handlers)
[GIN-debug] GET    /api/v1/articles          --> github.com/lawtech0902/go_gin_blog/backend/routers/api/v1.GetArticles (4 handlers)
[GIN-debug] GET    /api/v1/articles/:id      --> github.com/lawtech0902/go_gin_blog/backend/routers/api/v1.GetArticle (4 handlers)
[GIN-debug] GET    /api/v1/soup/random       --> github.com/lawtech0902/go_gin_blog/backend/routers/api/v1.GetRandSoup (4 handlers)
[GIN-debug] GET    /api/v1/comments/:id      --> github.com/lawtech0902/go_gin_blog/backend/routers/api/v1.GetArticleComments (4 handlers)
[GIN-debug] POST   /api/v1/comments          --> github.com/lawtech0902/go_gin_blog/backend/routers/api/v1.CreateComment (4 handlers)
[GIN-debug] PATCH  /api/v1/user/edit         --> github.com/lawtech0902/go_gin_blog/backend/routers/api/v1.EditUser (5 handlers)
[GIN-debug] POST   /api/v1/tags              --> github.com/lawtech0902/go_gin_blog/backend/routers/api/v1.CreateTag (5 handlers)
[GIN-debug] PUT    /api/v1/tags/:id          --> github.com/lawtech0902/go_gin_blog/backend/routers/api/v1.EditTag (5 handlers)
[GIN-debug] DELETE /api/v1/tags/:id          --> github.com/lawtech0902/go_gin_blog/backend/routers/api/v1.DeleteTag (5 handlers)
[GIN-debug] POST   /api/v1/categories        --> github.com/lawtech0902/go_gin_blog/backend/routers/api/v1.CreateCategory (5 handlers)
[GIN-debug] PUT    /api/v1/categories/:id    --> github.com/lawtech0902/go_gin_blog/backend/routers/api/v1.EditCategory (5 handlers)
[GIN-debug] DELETE /api/v1/categories/:id    --> github.com/lawtech0902/go_gin_blog/backend/routers/api/v1.DeleteCategory (5 handlers)
[GIN-debug] POST   /api/v1/articles          --> github.com/lawtech0902/go_gin_blog/backend/routers/api/v1.CreateArticle (5 handlers)
[GIN-debug] DELETE /api/v1/articles/:id      --> github.com/lawtech0902/go_gin_blog/backend/routers/api/v1.DeleteArticle (5 handlers)
[GIN-debug] PUT    /api/v1/articles/:id      --> github.com/lawtech0902/go_gin_blog/backend/routers/api/v1.EditArticle (5 handlers)
[GIN-debug] POST   /api/v1/soups             --> github.com/lawtech0902/go_gin_blog/backend/routers/api/v1.CreateSoup (5 handlers)
[GIN-debug] DELETE /api/v1/soups/:id         --> github.com/lawtech0902/go_gin_blog/backend/routers/api/v1.DeleteSoup (5 handlers)
[GIN-debug] PUT    /api/v1/soups/:id         --> github.com/lawtech0902/go_gin_blog/backend/routers/api/v1.EditSoup (5 handlers)
[GIN-debug] GET    /api/v1/soups             --> github.com/lawtech0902/go_gin_blog/backend/routers/api/v1.GetAllSoups (5 handlers)
[GIN-debug] GET    /api/v1/comments          --> github.com/lawtech0902/go_gin_blog/backend/routers/api/v1.GetAllComments (5 handlers)
[GIN-debug] DELETE /api/v1/comments/:id      --> github.com/lawtech0902/go_gin_blog/backend/routers/api/v1.DeleteComment (5 handlers)
[GIN-debug] POST   /api/v1/upload            --> github.com/lawtech0902/go_gin_blog/backend/routers/api/v1.UploadImageAvatar (5 handlers)
[GIN-debug] GET    /api/v1/runtime/*filepath --> github.com/gin-gonic/gin.(*RouterGroup).createStaticHandler.func1 (4 handlers)
[GIN-debug] HEAD   /api/v1/runtime/*filepath --> github.com/gin-gonic/gin.(*RouterGroup).createStaticHandler.func1 (4 handlers)
[GIN-debug] POST   /api/v1/user/login        --> github.com/lawtech0902/go_gin_blog/backend/routers/api/v1.Login (4 handlers)
[GIN-debug] POST   /api/v1/user/logout       --> github.com/lawtech0902/go_gin_blog/backend/routers/api/v1.Logout (4 handlers)
[GIN-debug] GET    /api/v1/user/info         --> github.com/lawtech0902/go_gin_blog/backend/routers/api/v1.GetUserInfo (4 handlers)
[GIN-debug] GET    /api/v1/user/about        --> github.com/lawtech0902/go_gin_blog/backend/routers/api/v1.GetUserAbout (4 handlers)
[GIN-debug] GET    /api/v1/tags              --> github.com/lawtech0902/go_gin_blog/backend/routers/api/v1.GetAllTags (4 handlers)
[GIN-debug] GET    /api/v1/categories        --> github.com/lawtech0902/go_gin_blog/backend/routers/api/v1.GetAllCategories (4 handlers)
[GIN-debug] GET    /api/v1/articles          --> github.com/lawtech0902/go_gin_blog/backend/routers/api/v1.GetArticles (4 handlers)
[GIN-debug] GET    /api/v1/articles/:id      --> github.com/lawtech0902/go_gin_blog/backend/routers/api/v1.GetArticle (4 handlers)
[GIN-debug] GET    /api/v1/soup/random       --> github.com/lawtech0902/go_gin_blog/backend/routers/api/v1.GetRandSoup (4 handlers)
[GIN-debug] GET    /api/v1/comments/:id      --> github.com/lawtech0902/go_gin_blog/backend/routers/api/v1.GetArticleComments (4 handlers)
[GIN-debug] POST   /api/v1/comments          --> github.com/lawtech0902/go_gin_blog/backend/routers/api/v1.CreateComment (4 handlers)
[GIN-debug] PATCH  /api/v1/user/edit         --> github.com/lawtech0902/go_gin_blog/backend/routers/api/v1.EditUser (5 handlers)
[GIN-debug] POST   /api/v1/tags              --> github.com/lawtech0902/go_gin_blog/backend/routers/api/v1.CreateTag (5 handlers)
[GIN-debug] PUT    /api/v1/tags/:id          --> github.com/lawtech0902/go_gin_blog/backend/routers/api/v1.EditTag (5 handlers)
[GIN-debug] DELETE /api/v1/tags/:id          --> github.com/lawtech0902/go_gin_blog/backend/routers/api/v1.DeleteTag (5 handlers)
[GIN-debug] POST   /api/v1/categories        --> github.com/lawtech0902/go_gin_blog/backend/routers/api/v1.CreateCategory (5 handlers)
[GIN-debug] PUT    /api/v1/categories/:id    --> github.com/lawtech0902/go_gin_blog/backend/routers/api/v1.EditCategory (5 handlers)
[GIN-debug] DELETE /api/v1/categories/:id    --> github.com/lawtech0902/go_gin_blog/backend/routers/api/v1.DeleteCategory (5 handlers)
[GIN-debug] POST   /api/v1/articles          --> github.com/lawtech0902/go_gin_blog/backend/routers/api/v1.CreateArticle (5 handlers)
[GIN-debug] DELETE /api/v1/articles/:id      --> github.com/lawtech0902/go_gin_blog/backend/routers/api/v1.DeleteArticle (5 handlers)
[GIN-debug] PUT    /api/v1/articles/:id      --> github.com/lawtech0902/go_gin_blog/backend/routers/api/v1.EditArticle (5 handlers)
[GIN-debug] POST   /api/v1/soups             --> github.com/lawtech0902/go_gin_blog/backend/routers/api/v1.CreateSoup (5 handlers)
[GIN-debug] DELETE /api/v1/soups/:id         --> github.com/lawtech0902/go_gin_blog/backend/routers/api/v1.DeleteSoup (5 handlers)
[GIN-debug] PUT    /api/v1/soups/:id         --> github.com/lawtech0902/go_gin_blog/backend/routers/api/v1.EditSoup (5 handlers)
[GIN-debug] GET    /api/v1/soups             --> github.com/lawtech0902/go_gin_blog/backend/routers/api/v1.GetAllSoups (5 handlers)
[GIN-debug] GET    /api/v1/comments          --> github.com/lawtech0902/go_gin_blog/backend/routers/api/v1.GetAllComments (5 handlers)
[GIN-debug] DELETE /api/v1/comments/:id      --> github.com/lawtech0902/go_gin_blog/backend/routers/api/v1.DeleteComment (5 handlers)
[GIN-debug] POST   /api/v1/upload            --> github.com/lawtech0902/go_gin_blog/backend/routers/api/v1.UploadImageAvatar (5 handlers)
[INFO] - 127.0.0.1 - [2020-01-03 15:32:02] "GET /api/v1/user/about HTTP/1.1 200 1.839235ms "Mozilla/5.0 (Macintosh; Intel Mac OS X 10_14_6) AppleWebKit/537.36 (KHTML, like Gecko) Chrome/78.0.3904.108 Safari/537.36" "
[INFO] - 127.0.0.1 - [2020-01-03 15:32:02] "GET /api/v1/soup/random HTTP/1.1 200 13.860952ms "Mozilla/5.0 (Macintosh; Intel Mac OS X 10_14_6) AppleWebKit/537.36 (KHTML, like Gecko) Chrome/78.0.3904.108 Safari/537.36" "
[INFO] - 127.0.0.1 - [2020-01-03 15:32:08] "GET /api/v1/categories HTTP/1.1 200 2.188029ms "Mozilla/5.0 (Macintosh; Intel Mac OS X 10_14_6) AppleWebKit/537.36 (KHTML, like Gecko) Chrome/78.0.3904.108 Safari/537.36" "
[INFO] - 127.0.0.1 - [2020-01-03 15:32:09] "GET /api/v1/tags HTTP/1.1 200 2.304672ms "Mozilla/5.0 (Macintosh; Intel Mac OS X 10_14_6) AppleWebKit/537.36 (KHTML, like Gecko) Chrome/78.0.3904.108 Safari/537.36" "
[FATAL] - 127.0.0.1 - [2020-01-03 15:32:30] "GET /api/v1/articles?page=1&limit=5 HTTP/1.1 500 1.483884ms "Mozilla/5.0 (Macintosh; Intel Mac OS X 10_14_6) AppleWebKit/537.36 (KHTML, like Gecko) Chrome/78.0.3904.108 Safari/537.36" "
[FATAL] - 127.0.0.1 - [2020-01-03 15:32:49] "GET /api/v1/articles?page=1&limit=5 HTTP/1.1 500 1.163599ms "Mozilla/5.0 (Macintosh; Intel Mac OS X 10_14_6) AppleWebKit/537.36 (KHTML, like Gecko) Chrome/78.0.3904.108 Safari/537.36" "
[INFO] - 127.0.0.1 - [2020-01-03 15:32:49] "GET /api/v1/soup/random HTTP/1.1 200 1.313857ms "Mozilla/5.0 (Macintosh; Intel Mac OS X 10_14_6) AppleWebKit/537.36 (KHTML, like Gecko) Chrome/78.0.3904.108 Safari/537.36" "
